{
  "RSpec": {
    "coverage": {
      "/home/teemu/yliopisto/web-palvelinohjelmointi-ruby-on-rails/ratebeer/app/helpers/application_helper.rb": [
        1,
        null
      ],
      "/home/teemu/yliopisto/web-palvelinohjelmointi-ruby-on-rails/ratebeer/app/helpers/beerclubs_helper.rb": [
        1,
        null
      ],
      "/home/teemu/yliopisto/web-palvelinohjelmointi-ruby-on-rails/ratebeer/app/helpers/beers_helper.rb": [
        1,
        null
      ],
      "/home/teemu/yliopisto/web-palvelinohjelmointi-ruby-on-rails/ratebeer/app/helpers/breweries_helper.rb": [
        1,
        null
      ],
      "/home/teemu/yliopisto/web-palvelinohjelmointi-ruby-on-rails/ratebeer/app/helpers/memberships_helper.rb": [
        1,
        null
      ],
      "/home/teemu/yliopisto/web-palvelinohjelmointi-ruby-on-rails/ratebeer/app/helpers/users_helper.rb": [
        1,
        null
      ],
      "/home/teemu/yliopisto/web-palvelinohjelmointi-ruby-on-rails/ratebeer/app/models/beer.rb": [
        1,
        1,
        null,
        1,
        1,
        1,
        null,
        1,
        1,
        null,
        1,
        2,
        null,
        null
      ],
      "/home/teemu/yliopisto/web-palvelinohjelmointi-ruby-on-rails/ratebeer/app/models/concerns/rating_average.rb": [
        1,
        1,
        null,
        1,
        15,
        15,
        null,
        25,
        9,
        null,
        null
      ],
      "/home/teemu/yliopisto/web-palvelinohjelmointi-ruby-on-rails/ratebeer/app/models/user.rb": [
        1,
        1,
        null,
        1,
        null,
        1,
        1,
        1,
        1,
        null,
        1,
        null,
        null,
        1,
        1,
        1,
        null,
        1,
        37,
        null,
        null,
        1,
        37,
        null,
        null,
        1,
        3,
        null,
        2,
        null,
        null,
        1,
        23,
        null,
        null,
        null,
        null,
        null,
        null,
        null,
        16,
        null,
        null,
        1,
        23,
        null,
        null,
        null,
        null,
        null,
        null,
        16,
        null,
        null
      ],
      "/home/teemu/yliopisto/web-palvelinohjelmointi-ruby-on-rails/ratebeer/app/models/application_record.rb": [
        1,
        1,
        null
      ],
      "/home/teemu/yliopisto/web-palvelinohjelmointi-ruby-on-rails/ratebeer/lib/beermapping_api.rb": [
        1,
        1,
        3,
        null,
        3,
        3,
        null,
        3,
        null,
        2,
        2,
        3,
        null,
        null,
        null,
        1,
        3,
        null,
        null
      ],
      "/home/teemu/yliopisto/web-palvelinohjelmointi-ruby-on-rails/ratebeer/app/models/place.rb": [
        1,
        1,
        5,
        null,
        null
      ],
      "/home/teemu/yliopisto/web-palvelinohjelmointi-ruby-on-rails/ratebeer/app/models/brewery.rb": [
        1,
        1,
        null,
        1,
        1,
        null,
        1,
        1,
        null,
        null,
        1,
        null,
        1,
        35,
        null,
        null,
        1,
        0,
        0,
        0,
        null,
        null,
        1,
        0,
        0,
        null,
        null
      ],
      "/home/teemu/yliopisto/web-palvelinohjelmointi-ruby-on-rails/ratebeer/app/controllers/sessions_controller.rb": [
        1,
        1,
        null,
        null,
        1,
        7,
        7,
        6,
        6,
        null,
        1,
        null,
        null,
        null,
        1,
        0,
        0,
        null,
        null
      ],
      "/home/teemu/yliopisto/web-palvelinohjelmointi-ruby-on-rails/ratebeer/app/controllers/application_controller.rb": [
        1,
        1,
        null,
        1,
        107,
        null,
        70,
        null,
        null,
        1,
        4,
        null,
        null
      ],
      "/home/teemu/yliopisto/web-palvelinohjelmointi-ruby-on-rails/ratebeer/app/controllers/users_controller.rb": [
        1,
        1,
        null,
        null,
        null,
        1,
        0,
        null,
        null,
        null,
        null,
        1,
        null,
        null,
        null,
        1,
        1,
        null,
        null,
        null,
        1,
        null,
        null,
        null,
        null,
        1,
        1,
        null,
        1,
        1,
        2,
        1,
        null,
        0,
        0,
        null,
        null,
        null,
        null,
        null,
        null,
        1,
        0,
        0,
        0,
        0,
        null,
        0,
        0,
        null,
        null,
        null,
        null,
        null,
        null,
        1,
        0,
        null,
        0,
        0,
        0,
        0,
        0,
        null,
        null,
        null,
        1,
        null,
        null,
        1,
        13,
        null,
        null,
        null,
        1,
        1,
        null,
        null
      ],
      "/home/teemu/yliopisto/web-palvelinohjelmointi-ruby-on-rails/ratebeer/app/models/rating.rb": [
        1,
        1,
        1,
        1,
        null,
        1,
        null,
        null,
        null,
        1,
        16,
        null,
        null
      ],
      "/home/teemu/yliopisto/web-palvelinohjelmointi-ruby-on-rails/ratebeer/app/models/membership.rb": [
        1,
        1,
        1,
        null,
        1,
        null
      ],
      "/home/teemu/yliopisto/web-palvelinohjelmointi-ruby-on-rails/ratebeer/app/models/beerclub.rb": [
        1,
        1,
        1,
        null,
        1,
        0,
        null,
        null
      ],
      "/home/teemu/yliopisto/web-palvelinohjelmointi-ruby-on-rails/ratebeer/app/controllers/beers_controller.rb": [
        1,
        1,
        1,
        1,
        null,
        null,
        null,
        1,
        1,
        null,
        null,
        null,
        null,
        1,
        null,
        null,
        null,
        1,
        2,
        null,
        null,
        null,
        1,
        null,
        null,
        null,
        null,
        1,
        2,
        null,
        2,
        2,
        2,
        1,
        null,
        1,
        2,
        1,
        null,
        null,
        null,
        null,
        null,
        null,
        1,
        0,
        0,
        0,
        0,
        null,
        0,
        0,
        null,
        null,
        null,
        null,
        null,
        null,
        1,
        0,
        0,
        0,
        0,
        null,
        null,
        null,
        1,
        null,
        null,
        1,
        0,
        null,
        null,
        null,
        1,
        2,
        null,
        null,
        1,
        3,
        3,
        null,
        null
      ],
      "/home/teemu/yliopisto/web-palvelinohjelmointi-ruby-on-rails/ratebeer/app/controllers/breweries_controller.rb": [
        1,
        1,
        1,
        null,
        null,
        null,
        1,
        3,
        null,
        null,
        null,
        null,
        1,
        null,
        null,
        null,
        1,
        0,
        null,
        null,
        null,
        1,
        null,
        null,
        null,
        null,
        1,
        0,
        null,
        0,
        0,
        0,
        0,
        null,
        0,
        0,
        null,
        null,
        null,
        null,
        null,
        null,
        1,
        0,
        0,
        0,
        0,
        null,
        0,
        0,
        null,
        null,
        null,
        null,
        null,
        null,
        1,
        0,
        0,
        0,
        0,
        null,
        null,
        null,
        1,
        null,
        null,
        1,
        1,
        null,
        null,
        null,
        1,
        0,
        null,
        null,
        1,
        0,
        null,
        0,
        0,
        null,
        null,
        null
      ],
      "/home/teemu/yliopisto/web-palvelinohjelmointi-ruby-on-rails/ratebeer/app/controllers/places_controller.rb": [
        1,
        1,
        null,
        null,
        1,
        3,
        3,
        1,
        null,
        2,
        null,
        null,
        null
      ],
      "/home/teemu/yliopisto/web-palvelinohjelmointi-ruby-on-rails/ratebeer/app/controllers/ratings_controller.rb": [
        1,
        1,
        1,
        null,
        null,
        1,
        1,
        1,
        null,
        null,
        1,
        1,
        1,
        null,
        1,
        1,
        null,
        0,
        0,
        null,
        null,
        null,
        1,
        1,
        1,
        1,
        null,
        null
      ],
      "/home/teemu/yliopisto/web-palvelinohjelmointi-ruby-on-rails/ratebeer/app/controllers/beerclubs_controller.rb": [
        0,
        0,
        0,
        null,
        null,
        null,
        0,
        0,
        0,
        null,
        null,
        null,
        0,
        0,
        null,
        null,
        0,
        0,
        0,
        null,
        null,
        0,
        0,
        null,
        null,
        null,
        0,
        0,
        null,
        0,
        0,
        0,
        0,
        0,
        0,
        0,
        0,
        0,
        0,
        null,
        null,
        null,
        0,
        0,
        0,
        0,
        0,
        0,
        0,
        0,
        0,
        0,
        0,
        null,
        null,
        null,
        0,
        0,
        0,
        0,
        0,
        0,
        0,
        null,
        0,
        null,
        null,
        0,
        0,
        0,
        null,
        null,
        0,
        0,
        0,
        0
      ],
      "/home/teemu/yliopisto/web-palvelinohjelmointi-ruby-on-rails/ratebeer/app/controllers/memberships_controller.rb": [
        0,
        0,
        null,
        null,
        null,
        0,
        0,
        0,
        null,
        null,
        null,
        0,
        0,
        null,
        null,
        0,
        0,
        0,
        0,
        0,
        0,
        null,
        null,
        0,
        0,
        null,
        null,
        null,
        0,
        0,
        0,
        null,
        0,
        0,
        0,
        0,
        0,
        0,
        0,
        null,
        null,
        null,
        0,
        0,
        0,
        0,
        0,
        0,
        0,
        0,
        0,
        0,
        0,
        null,
        null,
        null,
        0,
        0,
        0,
        0,
        0,
        0,
        0,
        null,
        0,
        null,
        null,
        0,
        0,
        0,
        null,
        null,
        0,
        0,
        0,
        0
      ],
      "/home/teemu/yliopisto/web-palvelinohjelmointi-ruby-on-rails/ratebeer/app/mailers/application_mailer.rb": [
        0,
        0,
        0,
        0
      ],
      "/home/teemu/yliopisto/web-palvelinohjelmointi-ruby-on-rails/ratebeer/app/channels/application_cable/connection.rb": [
        0,
        0,
        0,
        0
      ],
      "/home/teemu/yliopisto/web-palvelinohjelmointi-ruby-on-rails/ratebeer/app/channels/application_cable/channel.rb": [
        0,
        0,
        0,
        0
      ],
      "/home/teemu/yliopisto/web-palvelinohjelmointi-ruby-on-rails/ratebeer/app/jobs/application_job.rb": [
        0,
        0
      ],
      "/home/teemu/yliopisto/web-palvelinohjelmointi-ruby-on-rails/ratebeer/lib/beermapping_api_spec.rb": [
        0,
        null,
        0,
        0,
        0,
        0,
        0,
        null,
        0,
        null,
        0,
        null,
        0,
        0,
        0,
        0,
        0,
        null,
        0,
        0,
        0,
        0,
        null,
        0,
        null,
        0,
        null,
        0,
        0,
        null,
        0,
        0,
        0,
        0,
        null,
        0,
        null,
        0,
        null,
        0,
        0,
        0,
        0,
        0,
        0,
        0
      ]
    },
    "timestamp": 1538654704
  }
}
