{
  "RSpec": {
    "coverage": {
      "/home/teemu/yliopisto/web-palvelinohjelmointi-ruby-on-rails/ratebeer/app/helpers/application_helper.rb": [
        1,
        1,
        1,
        null,
        0,
        0,
        null,
        null,
        0,
        null,
        null,
        1,
        12,
        null,
        null
      ],
      "/home/teemu/yliopisto/web-palvelinohjelmointi-ruby-on-rails/ratebeer/app/helpers/beerclubs_helper.rb": [
        1,
        null
      ],
      "/home/teemu/yliopisto/web-palvelinohjelmointi-ruby-on-rails/ratebeer/app/helpers/beers_helper.rb": [
        1,
        null
      ],
      "/home/teemu/yliopisto/web-palvelinohjelmointi-ruby-on-rails/ratebeer/app/helpers/breweries_helper.rb": [
        1,
        null
      ],
      "/home/teemu/yliopisto/web-palvelinohjelmointi-ruby-on-rails/ratebeer/app/helpers/memberships_helper.rb": [
        1,
        null
      ],
      "/home/teemu/yliopisto/web-palvelinohjelmointi-ruby-on-rails/ratebeer/app/helpers/users_helper.rb": [
        1,
        null
      ],
      "/home/teemu/yliopisto/web-palvelinohjelmointi-ruby-on-rails/ratebeer/app/models/beer.rb": [
        1,
        1,
        1,
        null,
        1,
        1,
        1,
        1,
        null,
        1,
        null,
        1,
        2,
        null,
        null
      ],
      "/home/teemu/yliopisto/web-palvelinohjelmointi-ruby-on-rails/ratebeer/app/models/concerns/rating_average.rb": [
        1,
        1,
        null,
        1,
        14,
        14,
        null,
        21,
        8,
        null,
        null
      ],
      "/home/teemu/yliopisto/web-palvelinohjelmointi-ruby-on-rails/ratebeer/app/models/concerns/top.rb": [
        1,
        1,
        0,
        null,
        null
      ],
      "/home/teemu/yliopisto/web-palvelinohjelmointi-ruby-on-rails/ratebeer/app/models/user.rb": [
        1,
        1,
        null,
        1,
        null,
        1,
        1,
        1,
        1,
        null,
        1,
        null,
        null,
        1,
        1,
        1,
        null,
        1,
        36,
        null,
        null,
        1,
        36,
        null,
        null,
        1,
        3,
        null,
        2,
        null,
        null,
        1,
        21,
        null,
        14,
        null,
        null,
        null,
        null,
        null,
        14,
        null,
        null,
        1,
        21,
        null,
        null,
        null,
        null,
        null,
        null,
        14,
        null,
        null,
        1,
        0,
        null,
        null
      ],
      "/home/teemu/yliopisto/web-palvelinohjelmointi-ruby-on-rails/ratebeer/app/models/application_record.rb": [
        1,
        1,
        null
      ],
      "/home/teemu/yliopisto/web-palvelinohjelmointi-ruby-on-rails/ratebeer/lib/beermapping_api.rb": [
        1,
        1,
        5,
        9,
        null,
        null,
        1,
        4,
        null,
        4,
        4,
        null,
        4,
        null,
        3,
        3,
        4,
        null,
        null,
        null,
        1,
        0,
        null,
        0,
        0,
        null,
        0,
        null,
        0,
        null,
        null,
        1,
        4,
        null,
        4,
        null,
        null
      ],
      "/home/teemu/yliopisto/web-palvelinohjelmointi-ruby-on-rails/ratebeer/app/models/place.rb": [
        1,
        1,
        5,
        null,
        null
      ],
      "/home/teemu/yliopisto/web-palvelinohjelmointi-ruby-on-rails/ratebeer/app/models/brewery.rb": [
        1,
        1,
        1,
        null,
        1,
        1,
        null,
        1,
        1,
        null,
        null,
        1,
        null,
        4,
        4,
        null,
        1,
        40,
        null,
        null,
        1,
        0,
        0,
        0,
        null,
        null,
        1,
        0,
        0,
        null,
        null
      ],
      "/home/teemu/yliopisto/web-palvelinohjelmointi-ruby-on-rails/ratebeer/app/models/style.rb": [
        1,
        1,
        1,
        1,
        1,
        null
      ],
      "/home/teemu/yliopisto/web-palvelinohjelmointi-ruby-on-rails/ratebeer/app/controllers/beers_controller.rb": [
        1,
        1,
        1,
        1,
        1,
        null,
        1,
        null,
        null,
        null,
        null,
        1,
        3,
        3,
        3,
        3,
        0,
        0,
        null,
        null,
        null,
        null,
        null,
        1,
        0,
        0,
        null,
        null,
        null,
        1,
        2,
        null,
        null,
        null,
        1,
        null,
        null,
        null,
        null,
        1,
        2,
        null,
        2,
        2,
        2,
        1,
        null,
        1,
        2,
        1,
        null,
        null,
        null,
        null,
        null,
        null,
        1,
        0,
        0,
        0,
        0,
        null,
        0,
        0,
        null,
        null,
        null,
        null,
        null,
        null,
        1,
        0,
        0,
        0,
        0,
        null,
        null,
        null,
        1,
        null,
        null,
        1,
        0,
        null,
        null,
        null,
        1,
        2,
        null,
        null,
        1,
        3,
        3,
        null,
        null
      ],
      "/home/teemu/yliopisto/web-palvelinohjelmointi-ruby-on-rails/ratebeer/app/controllers/application_controller.rb": [
        1,
        1,
        null,
        1,
        122,
        null,
        76,
        null,
        null,
        1,
        4,
        null,
        null,
        1,
        0,
        null,
        null
      ],
      "/home/teemu/yliopisto/web-palvelinohjelmointi-ruby-on-rails/ratebeer/app/controllers/sessions_controller.rb": [
        1,
        1,
        null,
        null,
        1,
        6,
        6,
        5,
        0,
        null,
        5,
        5,
        null,
        null,
        1,
        null,
        null,
        null,
        1,
        0,
        0,
        null,
        null
      ],
      "/home/teemu/yliopisto/web-palvelinohjelmointi-ruby-on-rails/ratebeer/app/controllers/users_controller.rb": [
        1,
        1,
        1,
        1,
        null,
        null,
        null,
        1,
        0,
        null,
        null,
        null,
        null,
        1,
        null,
        null,
        null,
        1,
        1,
        null,
        null,
        null,
        1,
        null,
        null,
        null,
        null,
        1,
        1,
        null,
        1,
        1,
        2,
        1,
        null,
        0,
        0,
        null,
        null,
        null,
        null,
        null,
        null,
        1,
        0,
        0,
        0,
        0,
        null,
        0,
        0,
        null,
        null,
        null,
        null,
        null,
        null,
        1,
        0,
        null,
        0,
        0,
        0,
        0,
        0,
        null,
        null,
        null,
        1,
        0,
        0,
        0,
        0,
        null,
        null,
        1,
        null,
        null,
        1,
        12,
        null,
        null,
        null,
        1,
        1,
        null,
        null
      ],
      "/home/teemu/yliopisto/web-palvelinohjelmointi-ruby-on-rails/ratebeer/app/models/rating.rb": [
        1,
        1,
        1,
        1,
        null,
        1,
        null,
        null,
        null,
        1,
        null,
        1,
        10,
        null,
        null
      ],
      "/home/teemu/yliopisto/web-palvelinohjelmointi-ruby-on-rails/ratebeer/app/models/membership.rb": [
        1,
        1,
        1,
        null,
        1,
        null
      ],
      "/home/teemu/yliopisto/web-palvelinohjelmointi-ruby-on-rails/ratebeer/app/models/beerclub.rb": [
        1,
        1,
        1,
        null,
        1,
        0,
        null,
        null
      ],
      "/home/teemu/yliopisto/web-palvelinohjelmointi-ruby-on-rails/ratebeer/app/controllers/breweries_controller.rb": [
        1,
        1,
        1,
        1,
        null,
        1,
        null,
        null,
        null,
        null,
        1,
        3,
        3,
        3,
        null,
        null,
        null,
        null,
        1,
        null,
        null,
        null,
        1,
        0,
        null,
        null,
        null,
        1,
        null,
        null,
        null,
        null,
        1,
        0,
        null,
        0,
        0,
        0,
        0,
        null,
        0,
        0,
        null,
        null,
        null,
        null,
        null,
        null,
        1,
        0,
        0,
        0,
        0,
        null,
        0,
        0,
        null,
        null,
        null,
        null,
        null,
        null,
        1,
        0,
        0,
        0,
        0,
        null,
        null,
        null,
        1,
        0,
        0,
        0,
        0,
        null,
        null,
        1,
        null,
        null,
        1,
        1,
        null,
        null,
        null,
        1,
        0,
        null,
        null,
        1,
        0,
        null,
        0,
        0,
        null,
        null,
        null
      ],
      "/home/teemu/yliopisto/web-palvelinohjelmointi-ruby-on-rails/ratebeer/lib/apixu_api.rb": [
        1,
        1,
        0,
        0,
        0,
        null,
        null,
        null,
        null,
        1,
        0,
        null,
        0,
        null,
        null
      ],
      "/home/teemu/yliopisto/web-palvelinohjelmointi-ruby-on-rails/ratebeer/app/controllers/places_controller.rb": [
        1,
        1,
        null,
        null,
        1,
        0,
        0,
        0,
        null,
        0,
        null,
        null,
        null,
        1,
        3,
        3,
        3,
        1,
        null,
        2,
        null,
        null,
        null
      ],
      "/home/teemu/yliopisto/web-palvelinohjelmointi-ruby-on-rails/ratebeer/app/controllers/ratings_controller.rb": [
        1,
        1,
        0,
        null,
        null,
        1,
        1,
        1,
        null,
        null,
        1,
        1,
        1,
        null,
        1,
        1,
        null,
        0,
        0,
        null,
        null,
        null,
        1,
        1,
        1,
        1,
        null,
        null
      ],
      "/home/teemu/yliopisto/web-palvelinohjelmointi-ruby-on-rails/ratebeer/app/controllers/styles_controller.rb": [
        0,
        0,
        0,
        0,
        null,
        0,
        0,
        0,
        null,
        0,
        0,
        null,
        0,
        0,
        0,
        null,
        0,
        0,
        null,
        0,
        0,
        null,
        0,
        0,
        0,
        0,
        0,
        0,
        0,
        0,
        0,
        0,
        null,
        0,
        0,
        0,
        0,
        0,
        0,
        0,
        0,
        0,
        0,
        0,
        null,
        0,
        0,
        0,
        0,
        0,
        0,
        0,
        null,
        0,
        null,
        0,
        0,
        0,
        null,
        0,
        0,
        0,
        0
      ],
      "/home/teemu/yliopisto/web-palvelinohjelmointi-ruby-on-rails/ratebeer/app/controllers/beerclubs_controller.rb": [
        0,
        0,
        0,
        0,
        null,
        null,
        null,
        0,
        0,
        0,
        0,
        0,
        0,
        0,
        0,
        0,
        null,
        null,
        null,
        0,
        0,
        0,
        null,
        0,
        0,
        0,
        0,
        0,
        null,
        0,
        0,
        0,
        0,
        null,
        null,
        0,
        0,
        0,
        null,
        null,
        0,
        0,
        null,
        null,
        null,
        0,
        0,
        null,
        0,
        0,
        0,
        0,
        0,
        0,
        0,
        0,
        0,
        0,
        null,
        null,
        null,
        0,
        0,
        0,
        0,
        0,
        0,
        0,
        0,
        0,
        0,
        0,
        null,
        null,
        null,
        0,
        0,
        0,
        0,
        0,
        0,
        0,
        null,
        0,
        null,
        null,
        0,
        0,
        0,
        null,
        null,
        0,
        0,
        0,
        0
      ],
      "/home/teemu/yliopisto/web-palvelinohjelmointi-ruby-on-rails/ratebeer/app/controllers/memberships_controller.rb": [
        0,
        0,
        null,
        null,
        null,
        0,
        0,
        0,
        null,
        null,
        null,
        0,
        0,
        null,
        null,
        0,
        0,
        0,
        0,
        0,
        0,
        null,
        null,
        0,
        0,
        null,
        null,
        null,
        0,
        0,
        0,
        null,
        0,
        0,
        0,
        0,
        0,
        0,
        0,
        null,
        null,
        null,
        0,
        0,
        0,
        0,
        0,
        0,
        0,
        0,
        0,
        0,
        0,
        null,
        null,
        null,
        0,
        0,
        0,
        0,
        0,
        0,
        0,
        0,
        null,
        0,
        null,
        null,
        0,
        0,
        0,
        null,
        null,
        0,
        0,
        0,
        0
      ],
      "/home/teemu/yliopisto/web-palvelinohjelmointi-ruby-on-rails/ratebeer/app/mailers/application_mailer.rb": [
        0,
        0,
        0,
        0
      ],
      "/home/teemu/yliopisto/web-palvelinohjelmointi-ruby-on-rails/ratebeer/app/channels/application_cable/connection.rb": [
        0,
        0,
        0,
        0
      ],
      "/home/teemu/yliopisto/web-palvelinohjelmointi-ruby-on-rails/ratebeer/app/channels/application_cable/channel.rb": [
        0,
        0,
        0,
        0
      ],
      "/home/teemu/yliopisto/web-palvelinohjelmointi-ruby-on-rails/ratebeer/app/jobs/application_job.rb": [
        0,
        0
      ]
    },
    "timestamp": 1539206191
  }
}
